<?xml version="1.0" encoding="UTF-8"?>
<testsuite name="Cucumber" time="40.095" tests="1" skipped="0" failures="0" errors="0">
<testcase classname="Automation Exercise Login and Print product Details" name="Successful Login and print all product names and prices" time="39.854">
<system-out><![CDATA[
Given I am on the Automation Exercise login page............................passed
When I login with valid credentials.........................................passed
And I navigate to the products page.........................................passed
Then I print all product names and prices...................................passed
]]></system-out>
</testcase>
</testsuite>
